<?xml version="1.0" encoding="UTF-8"?>
<!-- Generated by org.testng.reporters.JUnitReportReporter -->
<testsuite hostname="DMadhvi" failures="0" tests="3" name="practicePackage.Practice5" time="0.017" errors="0" timestamp="2025-06-23T22:37:16 IST" skipped="0">
  <testcase classname="practicePackage.Practice5" name="KOTAK" time="0.006"/>
  <testcase classname="practicePackage.Practice5" name="SBI" time="0.008"/>
  <testcase classname="practicePackage.Practice5" name="ICICI" time="0.003"/>
</testsuite> <!-- practicePackage.Practice5 -->
