<?xml version="1.0" encoding="UTF-8"?>
<!-- Generated by org.testng.reporters.JUnitReportReporter -->
<testsuite hostname="DMadhvi" failures="0" tests="5" name="practicePackage.Practice3" time="0.074" errors="0" timestamp="2025-06-23T22:37:16 IST" skipped="1">
  <testcase classname="practicePackage.Practice3" name="remainder" time="0.007"/>
  <testcase classname="practicePackage.Practice3" name="quotient" time="0.027"/>
  <testcase classname="practicePackage.Practice3" name="multiply" time="0.020"/>
  <testcase classname="practicePackage.Practice3" name="sub" time="0.020"/>
  <testcase classname="practicePackage.Practice3" name="sum">
    <skipped/>
  </testcase> <!-- sum -->
</testsuite> <!-- practicePackage.Practice3 -->
