<?xml version="1.0" encoding="UTF-8"?>
<!-- Generated by org.testng.reporters.JUnitReportReporter -->
<testsuite hostname="DMadhvi" failures="0" tests="8" name="practicePackage.Practice4" time="0.024" errors="0" timestamp="2025-06-23T22:37:16 IST" skipped="0">
  <testcase classname="practicePackage.Practice4" name="loginTest" time="0.005"/>
  <testcase classname="practicePackage.Practice4" name="bike" time="0.005"/>
  <testcase classname="practicePackage.Practice4" name="car" time="0.004"/>
  <testcase classname="practicePackage.Practice4" name="car" time="0.001"/>
  <testcase classname="practicePackage.Practice4" name="car" time="0.001"/>
  <testcase classname="practicePackage.Practice4" name="Aeroplane" time="0.003"/>
  <testcase classname="practicePackage.Practice4" name="car" time="0.003"/>
  <testcase classname="practicePackage.Practice4" name="car" time="0.002"/>
</testsuite> <!-- practicePackage.Practice4 -->
