<?xml version="1.0" encoding="UTF-8"?>
<!-- Generated by org.testng.reporters.JUnitReportReporter -->
<testsuite hostname="DMadhvi" failures="0" tests="3" name="practicePackage.Pratice6" time="0.012" errors="0" timestamp="2025-06-23T22:17:27 IST" skipped="0">
  <testcase classname="practicePackage.Pratice6" name="Satellite" time="0.001"/>
  <testcase classname="practicePackage.Pratice6" name="Satellite" time="0.002"/>
  <testcase classname="practicePackage.Pratice6" name="Satellite" time="0.009"/>
</testsuite> <!-- practicePackage.Pratice6 -->
